polybar|notice:  Parsing config file: /home/kralj/.config/polybar/config.ini
polybar|notice:  Listening for IPC messages (PID: 1405)
polybar|warn:  The config parameter `bar/main.border-top` is deprecated, use `bar/main.border-top-size` instead.
polybar|warn:  The config parameter `bar/main.border-left` is deprecated, use `bar/main.border-left-size` instead.
polybar|warn:  The config parameter `bar/main.border-right` is deprecated, use `bar/main.border-right-size` instead.
polybar|warn:  The config parameter 'settings.throttle-output' is deprecated, it will be removed in the future. Please remove it from your config
polybar|warn:  The config parameter 'settings.throttle-output-for' is deprecated, it will be removed in the future. Please remove it from your config
polybar|notice:  Loading module 'i3' of type 'internal/i3'
polybar|error: Invalid value for "module/i3.label-visible-background", using default value (reason: "${color.background" is an invalid color value.)
polybar|notice:  Loading module 'date' of type 'internal/date'
polybar|notice:  Loading module 'sep2' of type 'custom/text'
polybar|notice:  Loading module 'alsa' of type 'internal/alsa'
polybar|notice:  Loading module 'sep2' of type 'custom/text'
polybar|notice:  Loading module 'temperature' of type 'internal/temperature'
polybar|notice:  Loading module 'sep2' of type 'custom/text'
polybar|notice:  Loading module 'cpu' of type 'internal/cpu'
polybar|notice:  Loading module 'sep2' of type 'custom/text'
polybar|notice:  Loading module 'memory' of type 'internal/memory'
polybar|notice:  Loaded 10 modules
polybar|notice:  Loaded font "JetBrainsMono Nerd Font:size=9" (name=IBM Plex Sans, offset=3, file=/usr/share/fonts/TTF/IBMPlexSans-Regular.ttf)
polybar|notice:  Loaded font "Iosevka Nerd Font:style=Medium:size=12" (name=IBM Plex Sans, offset=3, file=/usr/share/fonts/TTF/IBMPlexSans-Medium.ttf)
polybar|notice:  Loaded font "feather:size=9" (name=IBM Plex Sans, offset=2, file=/usr/share/fonts/TTF/IBMPlexSans-Regular.ttf)
polybar|error: tray: Failed to put tray above 0x1200002 in the stack (XCB_MATCH (8))
polybar|warn:  Systray selection already managed (window=0x100000d)
polybar|warn:  Dropping unmatched character  (U+e939) in '[  '
polybar|warn:  Dropping unmatched character  (U+ea0c) in ''
polybar|warn:  Dropping unmatched character  (U+e9ea) in ''
polybar|warn:  Dropping unmatched character  (U+e950) in '[ '
polybar|warn:  Dropping unmatched character  (U+e9b9) in '[ '
polybar|warn:  Dropping unmatched character  (U+e939) in '[  '
polybar|warn:  Dropping unmatched character  (U+ea0c) in ''
polybar|warn:  Dropping unmatched character  (U+e9ea) in ''
polybar|warn:  Dropping unmatched character  (U+e950) in '[ '
polybar|warn:  Dropping unmatched character  (U+e9b9) in '[ '
polybar|warn:  Dropping unmatched character  (U+e939) in '[  '
polybar|warn:  Dropping unmatched character  (U+ea0c) in ''
polybar|warn:  Dropping unmatched character  (U+e9ea) in ''
polybar|warn:  Dropping unmatched character  (U+e950) in '[ '
polybar|warn:  Dropping unmatched character  (U+e9b9) in '[ '
polybar|warn:  Dropping unmatched character  (U+e939) in '[  '
polybar|warn:  Dropping unmatched character  (U+ea0c) in ''
polybar|warn:  Dropping unmatched character  (U+e9ea) in ''
polybar|warn:  Dropping unmatched character  (U+e950) in '[ '
polybar|warn:  Dropping unmatched character  (U+e9b9) in '[ '
polybar|warn:  Dropping unmatched character  (U+e939) in '[  '
polybar|warn:  Dropping unmatched character  (U+ea0c) in ''
polybar|warn:  Dropping unmatched character  (U+e9ea) in ''
polybar|warn:  Dropping unmatched character  (U+e950) in '[ '
polybar|warn:  Dropping unmatched character  (U+e9b9) in '[ '
polybar|warn:  Dropping unmatched character  (U+e939) in '[  '
polybar|warn:  Dropping unmatched character  (U+ea0c) in ''
polybar|warn:  Dropping unmatched character  (U+e9ea) in ''
polybar|warn:  Dropping unmatched character  (U+e950) in '[ '
polybar|warn:  Dropping unmatched character  (U+e9b9) in '[ '
polybar|warn:  Dropping unmatched character  (U+e939) in '[  '
polybar|warn:  Dropping unmatched character  (U+ea0c) in ''
polybar|warn:  Dropping unmatched character  (U+e9ea) in ''
polybar|warn:  Dropping unmatched character  (U+e950) in '[ '
polybar|warn:  Dropping unmatched character  (U+e9b9) in '[ '
polybar|warn:  Dropping unmatched character  (U+e939) in '[  '
polybar|warn:  Dropping unmatched character  (U+ea0c) in ''
polybar|warn:  Dropping unmatched character  (U+e9ea) in ''
polybar|warn:  Dropping unmatched character  (U+e950) in '[ '
polybar|warn:  Dropping unmatched character  (U+e9b9) in '[ '
polybar|warn:  Dropping unmatched character  (U+e939) in '[  '
polybar|warn:  Dropping unmatched character  (U+ea0c) in ''
polybar|warn:  Dropping unmatched character  (U+e9ea) in ''
polybar|warn:  Dropping unmatched character  (U+e950) in '[ '
polybar|warn:  Dropping unmatched character  (U+e9b9) in '[ '
polybar|warn:  Dropping unmatched character  (U+e939) in '[  '
polybar|warn:  Dropping unmatched character  (U+ea0c) in ''
polybar|warn:  Dropping unmatched character  (U+e9ea) in ''
polybar|warn:  Dropping unmatched character  (U+e950) in '[ '
polybar|warn:  Dropping unmatched character  (U+e9b9) in '[ '
polybar|warn:  Dropping unmatched character  (U+e939) in '[  '
polybar|warn:  Dropping unmatched character  (U+ea0c) in ''
polybar|warn:  Dropping unmatched character  (U+e9ea) in ''
polybar|warn:  Dropping unmatched character  (U+e950) in '[ '
polybar|warn:  Dropping unmatched character  (U+e9b9) in '[ '
polybar|warn:  Dropping unmatched character  (U+e939) in '[  '
polybar|warn:  Dropping unmatched character  (U+ea0c) in ''
polybar|warn:  Dropping unmatched character  (U+e9ea) in ''
polybar|warn:  Dropping unmatched character  (U+e950) in '[ '
polybar|warn:  Dropping unmatched character  (U+e9b9) in '[ '
polybar|warn:  Dropping unmatched character  (U+e939) in '[  '
polybar|warn:  Dropping unmatched character  (U+ea0c) in ''
polybar|warn:  Dropping unmatched character  (U+e9ea) in ''
polybar|warn:  Dropping unmatched character  (U+e950) in '[ '
polybar|warn:  Dropping unmatched character  (U+e9b9) in '[ '
polybar|warn:  Dropping unmatched character  (U+e939) in '[  '
polybar|warn:  Dropping unmatched character  (U+ea0c) in ''
polybar|warn:  Dropping unmatched character  (U+e9ea) in ''
polybar|warn:  Dropping unmatched character  (U+e950) in '[ '
polybar|warn:  Dropping unmatched character  (U+e9b9) in '[ '
polybar|warn:  Dropping unmatched character  (U+e939) in '[  '
polybar|warn:  Dropping unmatched character  (U+ea0c) in ''
polybar|warn:  Dropping unmatched character  (U+e9ea) in ''
polybar|warn:  Dropping unmatched character  (U+e950) in '[ '
polybar|warn:  Dropping unmatched character  (U+e9b9) in '[ '
polybar|warn:  Dropping unmatched character  (U+e939) in '[  '
polybar|warn:  Dropping unmatched character  (U+ea0c) in ''
polybar|warn:  Dropping unmatched character  (U+e9ea) in ''
polybar|warn:  Dropping unmatched character  (U+e950) in '[ '
polybar|warn:  Dropping unmatched character  (U+e9b9) in '[ '
polybar|warn:  Dropping unmatched character  (U+e939) in '[  '
polybar|warn:  Dropping unmatched character  (U+ea0c) in ''
polybar|warn:  Dropping unmatched character  (U+e9ea) in ''
polybar|warn:  Dropping unmatched character  (U+e950) in '[ '
polybar|warn:  Dropping unmatched character  (U+e9b9) in '[ '
polybar|warn:  Dropping unmatched character  (U+e939) in '[  '
polybar|warn:  Dropping unmatched character  (U+ea0c) in ''
polybar|warn:  Dropping unmatched character  (U+e9ea) in ''
polybar|warn:  Dropping unmatched character  (U+e950) in '[ '
polybar|warn:  Dropping unmatched character  (U+e9b9) in '[ '
polybar|warn:  Dropping unmatched character  (U+e939) in '[  '
polybar|warn:  Dropping unmatched character  (U+ea0c) in ''
polybar|warn:  Dropping unmatched character  (U+e9ea) in ''
polybar|warn:  Dropping unmatched character  (U+e950) in '[ '
polybar|warn:  Dropping unmatched character  (U+e9b9) in '[ '
polybar|warn:  Dropping unmatched character  (U+e939) in '[  '
polybar|warn:  Dropping unmatched character  (U+ea0c) in ''
polybar|warn:  Dropping unmatched character  (U+e9ea) in ''
polybar|warn:  Dropping unmatched character  (U+e950) in '[ '
polybar|warn:  Dropping unmatched character  (U+e9b9) in '[ '
polybar|warn:  Dropping unmatched character  (U+e939) in '[  '
polybar|warn:  Dropping unmatched character  (U+ea0c) in ''
polybar|warn:  Dropping unmatched character  (U+e9ea) in ''
polybar|warn:  Dropping unmatched character  (U+e950) in '[ '
polybar|warn:  Dropping unmatched character  (U+e9b9) in '[ '
polybar|warn:  Dropping unmatched character  (U+e939) in '[  '
polybar|warn:  Dropping unmatched character  (U+ea0c) in ''
polybar|warn:  Dropping unmatched character  (U+e9ea) in ''
polybar|warn:  Dropping unmatched character  (U+e950) in '[ '
polybar|warn:  Dropping unmatched character  (U+e9b9) in '[ '
polybar|warn:  Dropping unmatched character  (U+e939) in '[  '
polybar|warn:  Dropping unmatched character  (U+ea0c) in ''
polybar|warn:  Dropping unmatched character  (U+e9ea) in ''
polybar|warn:  Dropping unmatched character  (U+e950) in '[ '
polybar|warn:  Dropping unmatched character  (U+e9b9) in '[ '
polybar|warn:  Dropping unmatched character  (U+e939) in '[  '
polybar|warn:  Dropping unmatched character  (U+ea0c) in ''
polybar|warn:  Dropping unmatched character  (U+e9ea) in ''
polybar|warn:  Dropping unmatched character  (U+e950) in '[ '
polybar|warn:  Dropping unmatched character  (U+e9b9) in '[ '
polybar|warn:  Dropping unmatched character  (U+e939) in '[  '
polybar|warn:  Dropping unmatched character  (U+ea0c) in ''
polybar|warn:  Dropping unmatched character  (U+e9ea) in ''
polybar|warn:  Dropping unmatched character  (U+e950) in '[ '
polybar|warn:  Dropping unmatched character  (U+e9b9) in '[ '
polybar|warn:  Dropping unmatched character  (U+e939) in '[  '
polybar|warn:  Dropping unmatched character  (U+ea0c) in ''
polybar|warn:  Dropping unmatched character  (U+e9ea) in ''
polybar|warn:  Dropping unmatched character  (U+e950) in '[ '
polybar|warn:  Dropping unmatched character  (U+e9b9) in '[ '
polybar|warn:  Dropping unmatched character  (U+e939) in '[  '
polybar|warn:  Dropping unmatched character  (U+ea0c) in ''
polybar|warn:  Dropping unmatched character  (U+e9ea) in ''
polybar|warn:  Dropping unmatched character  (U+e950) in '[ '
polybar|warn:  Dropping unmatched character  (U+e9b9) in '[ '
polybar|warn:  Dropping unmatched character  (U+e939) in '[  '
polybar|warn:  Dropping unmatched character  (U+ea0c) in ''
polybar|warn:  Dropping unmatched character  (U+e9ea) in ''
polybar|warn:  Dropping unmatched character  (U+e950) in '[ '
polybar|warn:  Dropping unmatched character  (U+e9b9) in '[ '
polybar|warn:  module/i3: Attempting to reconnect socket (reason: Unexpected EOF while reading header)
polybar|error: module/i3: Failed to reconnect socket (reason: Failed to connect to i3: errno 2 (No such file or directory))
